<?xml version="1.0" encoding="UTF-8"?>
<!-- Generated by org.testng.reporters.JUnitReportReporter -->
<testsuite hostname="DESKTOP-OBQ4GS8" failures="0" tests="1" name="selenium.FirstAutomation" time="14.856" errors="0" timestamp="08 Mar 2024 14:43:54 GMT" skipped="0">
  <testcase classname="selenium.FirstAutomation" name="firstTest" time="14.856"/>
</testsuite> <!-- selenium.FirstAutomation -->
