<?xml version="1.0" encoding="UTF-8"?>
<!-- Generated by org.testng.reporters.JUnitReportReporter -->
<testsuite hostname="DESKTOP-OBQ4GS8" failures="0" tests="1" name="selenium.Locators" time="7.243" errors="0" timestamp="10 Mar 2024 12:00:44 GMT" skipped="0">
  <testcase classname="selenium.Locators" name="testLocator" time="7.243"/>
</testsuite> <!-- selenium.Locators -->
